1753205290.712621 client started (3214836): version 3.5a, socket /tmp/tmux-1000/default, protocol 8
1753205290.712645 on Linux 6.15.6-zen1-1-zen #1 ZEN SMP PREEMPT_DYNAMIC Thu, 10 Jul 2025 17:10:03 +0000
1753205290.712656 using libevent 2.1.12-stable poll
1753205290.712660 using ncurses 6.5 20240427
1753205290.712676 flags are 0x10010000
1753205290.712693 socket is /tmp/tmux-1000/default
1753205290.712706 trying connect
1753205290.712764 add peer 0x5618533f0190: 6 ((nil))
1753205290.713101 sending message 111 to peer 0x5618533f0190 (8 bytes)
1753205290.713119 sending message 111 to peer 0x5618533f0190 (8 bytes)
1753205290.713123 sending message 101 to peer 0x5618533f0190 (15 bytes)
1753205290.713127 sending message 109 to peer 0x5618533f0190 (4 bytes)
1753205290.713131 sending message 102 to peer 0x5618533f0190 (11 bytes)
1753205290.713134 sending message 108 to peer 0x5618533f0190 (50 bytes)
1753205290.713138 sending message 112 to peer 0x5618533f0190 (58 bytes)
1753205290.713142 sending message 112 to peer 0x5618533f0190 (5 bytes)
1753205290.713145 sending message 112 to peer 0x5618533f0190 (5 bytes)
1753205290.713149 sending message 112 to peer 0x5618533f0190 (6 bytes)
1753205290.713153 sending message 112 to peer 0x5618533f0190 (6 bytes)
1753205290.713156 sending message 112 to peer 0x5618533f0190 (11 bytes)
1753205290.713160 sending message 112 to peer 0x5618533f0190 (10 bytes)
1753205290.713164 sending message 112 to peer 0x5618533f0190 (13 bytes)
1753205290.713167 sending message 112 to peer 0x5618533f0190 (14 bytes)
1753205290.713171 sending message 112 to peer 0x5618533f0190 (19 bytes)
1753205290.713174 sending message 112 to peer 0x5618533f0190 (11 bytes)
1753205290.713178 sending message 112 to peer 0x5618533f0190 (10 bytes)
1753205290.713181 sending message 112 to peer 0x5618533f0190 (15 bytes)
1753205290.713185 sending message 112 to peer 0x5618533f0190 (21 bytes)
1753205290.713188 sending message 112 to peer 0x5618533f0190 (13 bytes)
1753205290.713192 sending message 112 to peer 0x5618533f0190 (7 bytes)
1753205290.713196 sending message 112 to peer 0x5618533f0190 (13 bytes)
1753205290.713199 sending message 112 to peer 0x5618533f0190 (7 bytes)
1753205290.713202 sending message 112 to peer 0x5618533f0190 (13 bytes)
1753205290.713206 sending message 112 to peer 0x5618533f0190 (9 bytes)
1753205290.713209 sending message 112 to peer 0x5618533f0190 (21 bytes)
1753205290.713213 sending message 112 to peer 0x5618533f0190 (13 bytes)
1753205290.713216 sending message 112 to peer 0x5618533f0190 (9 bytes)
1753205290.713219 sending message 112 to peer 0x5618533f0190 (16 bytes)
1753205290.713223 sending message 112 to peer 0x5618533f0190 (13 bytes)
1753205290.713226 sending message 112 to peer 0x5618533f0190 (9 bytes)
1753205290.713246 sending message 112 to peer 0x5618533f0190 (9 bytes)
1753205290.713250 sending message 112 to peer 0x5618533f0190 (12 bytes)
1753205290.713254 sending message 112 to peer 0x5618533f0190 (8 bytes)
1753205290.713257 sending message 112 to peer 0x5618533f0190 (8 bytes)
1753205290.713261 sending message 112 to peer 0x5618533f0190 (13 bytes)
1753205290.713264 sending message 112 to peer 0x5618533f0190 (7 bytes)
1753205290.713267 sending message 112 to peer 0x5618533f0190 (7 bytes)
1753205290.713271 sending message 112 to peer 0x5618533f0190 (9 bytes)
1753205290.713274 sending message 112 to peer 0x5618533f0190 (9 bytes)
1753205290.713277 sending message 112 to peer 0x5618533f0190 (15 bytes)
1753205290.713280 sending message 112 to peer 0x5618533f0190 (13 bytes)
1753205290.713284 sending message 112 to peer 0x5618533f0190 (12 bytes)
1753205290.713287 sending message 112 to peer 0x5618533f0190 (8 bytes)
1753205290.713290 sending message 112 to peer 0x5618533f0190 (14 bytes)
1753205290.713294 sending message 112 to peer 0x5618533f0190 (11 bytes)
1753205290.713297 sending message 112 to peer 0x5618533f0190 (9 bytes)
1753205290.713301 sending message 112 to peer 0x5618533f0190 (10 bytes)
1753205290.713304 sending message 112 to peer 0x5618533f0190 (10 bytes)
1753205290.713307 sending message 112 to peer 0x5618533f0190 (10 bytes)
1753205290.713319 sending message 112 to peer 0x5618533f0190 (10 bytes)
1753205290.713330 sending message 112 to peer 0x5618533f0190 (11 bytes)
1753205290.713344 sending message 112 to peer 0x5618533f0190 (12 bytes)
1753205290.713351 sending message 112 to peer 0x5618533f0190 (12 bytes)
1753205290.713357 sending message 112 to peer 0x5618533f0190 (12 bytes)
1753205290.713361 sending message 112 to peer 0x5618533f0190 (12 bytes)
1753205290.713365 sending message 112 to peer 0x5618533f0190 (12 bytes)
1753205290.713368 sending message 112 to peer 0x5618533f0190 (11 bytes)
1753205290.713371 sending message 112 to peer 0x5618533f0190 (11 bytes)
1753205290.713375 sending message 112 to peer 0x5618533f0190 (12 bytes)
1753205290.713378 sending message 112 to peer 0x5618533f0190 (12 bytes)
1753205290.713382 sending message 112 to peer 0x5618533f0190 (12 bytes)
1753205290.713385 sending message 112 to peer 0x5618533f0190 (12 bytes)
1753205290.713389 sending message 112 to peer 0x5618533f0190 (12 bytes)
1753205290.713392 sending message 112 to peer 0x5618533f0190 (9 bytes)
1753205290.713395 sending message 112 to peer 0x5618533f0190 (12 bytes)
1753205290.713399 sending message 112 to peer 0x5618533f0190 (13 bytes)
1753205290.713402 sending message 112 to peer 0x5618533f0190 (13 bytes)
1753205290.713406 sending message 112 to peer 0x5618533f0190 (13 bytes)
1753205290.713409 sending message 112 to peer 0x5618533f0190 (13 bytes)
1753205290.713412 sending message 112 to peer 0x5618533f0190 (13 bytes)
1753205290.713416 sending message 112 to peer 0x5618533f0190 (8 bytes)
1753205290.713419 sending message 112 to peer 0x5618533f0190 (11 bytes)
1753205290.713423 sending message 112 to peer 0x5618533f0190 (11 bytes)
1753205290.713426 sending message 112 to peer 0x5618533f0190 (11 bytes)
1753205290.713430 sending message 112 to peer 0x5618533f0190 (12 bytes)
1753205290.713433 sending message 112 to peer 0x5618533f0190 (12 bytes)
1753205290.713437 sending message 112 to peer 0x5618533f0190 (12 bytes)
1753205290.713440 sending message 112 to peer 0x5618533f0190 (12 bytes)
1753205290.713443 sending message 112 to peer 0x5618533f0190 (13 bytes)
1753205290.713447 sending message 112 to peer 0x5618533f0190 (13 bytes)
1753205290.713450 sending message 112 to peer 0x5618533f0190 (13 bytes)
1753205290.713453 sending message 112 to peer 0x5618533f0190 (8 bytes)
1753205290.713457 sending message 112 to peer 0x5618533f0190 (13 bytes)
1753205290.713461 sending message 112 to peer 0x5618533f0190 (13 bytes)
1753205290.713464 sending message 112 to peer 0x5618533f0190 (13 bytes)
1753205290.713468 sending message 112 to peer 0x5618533f0190 (13 bytes)
1753205290.713471 sending message 112 to peer 0x5618533f0190 (13 bytes)
1753205290.713475 sending message 112 to peer 0x5618533f0190 (12 bytes)
1753205290.713478 sending message 112 to peer 0x5618533f0190 (12 bytes)
1753205290.713482 sending message 112 to peer 0x5618533f0190 (12 bytes)
1753205290.713485 sending message 112 to peer 0x5618533f0190 (12 bytes)
1753205290.713488 sending message 112 to peer 0x5618533f0190 (13 bytes)
1753205290.713492 sending message 112 to peer 0x5618533f0190 (8 bytes)
1753205290.713495 sending message 112 to peer 0x5618533f0190 (13 bytes)
1753205290.713499 sending message 112 to peer 0x5618533f0190 (13 bytes)
1753205290.713502 sending message 112 to peer 0x5618533f0190 (13 bytes)
1753205290.713506 sending message 112 to peer 0x5618533f0190 (13 bytes)
1753205290.713509 sending message 112 to peer 0x5618533f0190 (13 bytes)
1753205290.713512 sending message 112 to peer 0x5618533f0190 (13 bytes)
1753205290.713516 sending message 112 to peer 0x5618533f0190 (13 bytes)
1753205290.713519 sending message 112 to peer 0x5618533f0190 (12 bytes)
1753205290.713523 sending message 112 to peer 0x5618533f0190 (12 bytes)
1753205290.713526 sending message 112 to peer 0x5618533f0190 (12 bytes)
1753205290.713530 sending message 112 to peer 0x5618533f0190 (8 bytes)
1753205290.713533 sending message 112 to peer 0x5618533f0190 (12 bytes)
1753205290.713536 sending message 112 to peer 0x5618533f0190 (13 bytes)
1753205290.713544 sending message 112 to peer 0x5618533f0190 (13 bytes)
1753205290.713550 sending message 112 to peer 0x5618533f0190 (13 bytes)
1753205290.713554 sending message 112 to peer 0x5618533f0190 (13 bytes)
1753205290.713557 sending message 112 to peer 0x5618533f0190 (13 bytes)
1753205290.713561 sending message 112 to peer 0x5618533f0190 (13 bytes)
1753205290.713564 sending message 112 to peer 0x5618533f0190 (13 bytes)
1753205290.713567 sending message 112 to peer 0x5618533f0190 (13 bytes)
1753205290.713571 sending message 112 to peer 0x5618533f0190 (12 bytes)
1753205290.713574 sending message 112 to peer 0x5618533f0190 (10 bytes)
1753205290.713578 sending message 112 to peer 0x5618533f0190 (12 bytes)
1753205290.713581 sending message 112 to peer 0x5618533f0190 (12 bytes)
1753205290.713585 sending message 112 to peer 0x5618533f0190 (12 bytes)
1753205290.713588 sending message 112 to peer 0x5618533f0190 (13 bytes)
1753205290.713591 sending message 112 to peer 0x5618533f0190 (13 bytes)
1753205290.713595 sending message 112 to peer 0x5618533f0190 (13 bytes)
1753205290.713598 sending message 112 to peer 0x5618533f0190 (13 bytes)
1753205290.713601 sending message 112 to peer 0x5618533f0190 (13 bytes)
1753205290.713605 sending message 112 to peer 0x5618533f0190 (13 bytes)
1753205290.713608 sending message 112 to peer 0x5618533f0190 (13 bytes)
1753205290.713612 sending message 112 to peer 0x5618533f0190 (10 bytes)
1753205290.713615 sending message 112 to peer 0x5618533f0190 (13 bytes)
1753205290.713618 sending message 112 to peer 0x5618533f0190 (12 bytes)
1753205290.713622 sending message 112 to peer 0x5618533f0190 (12 bytes)
1753205290.713625 sending message 112 to peer 0x5618533f0190 (12 bytes)
1753205290.713629 sending message 112 to peer 0x5618533f0190 (10 bytes)
1753205290.713632 sending message 112 to peer 0x5618533f0190 (10 bytes)
1753205290.713636 sending message 112 to peer 0x5618533f0190 (10 bytes)
1753205290.713639 sending message 112 to peer 0x5618533f0190 (12 bytes)
1753205290.713643 sending message 112 to peer 0x5618533f0190 (13 bytes)
1753205290.713646 sending message 112 to peer 0x5618533f0190 (13 bytes)
1753205290.713649 sending message 112 to peer 0x5618533f0190 (13 bytes)
1753205290.713653 sending message 112 to peer 0x5618533f0190 (13 bytes)
1753205290.713656 sending message 112 to peer 0x5618533f0190 (13 bytes)
1753205290.713659 sending message 112 to peer 0x5618533f0190 (10 bytes)
1753205290.713663 sending message 112 to peer 0x5618533f0190 (11 bytes)
1753205290.713666 sending message 112 to peer 0x5618533f0190 (12 bytes)
1753205290.713670 sending message 112 to peer 0x5618533f0190 (12 bytes)
1753205290.713673 sending message 112 to peer 0x5618533f0190 (12 bytes)
1753205290.713676 sending message 112 to peer 0x5618533f0190 (12 bytes)
1753205290.713680 sending message 112 to peer 0x5618533f0190 (12 bytes)
1753205290.713683 sending message 112 to peer 0x5618533f0190 (11 bytes)
1753205290.713687 sending message 112 to peer 0x5618533f0190 (12 bytes)
1753205290.713690 sending message 112 to peer 0x5618533f0190 (12 bytes)
1753205290.713693 sending message 112 to peer 0x5618533f0190 (13 bytes)
1753205290.713697 sending message 112 to peer 0x5618533f0190 (13 bytes)
1753205290.713701 sending message 112 to peer 0x5618533f0190 (13 bytes)
1753205290.713704 sending message 112 to peer 0x5618533f0190 (13 bytes)
1753205290.713707 sending message 112 to peer 0x5618533f0190 (13 bytes)
1753205290.713711 sending message 112 to peer 0x5618533f0190 (10 bytes)
1753205290.713714 sending message 112 to peer 0x5618533f0190 (9 bytes)
1753205290.713717 sending message 112 to peer 0x5618533f0190 (12 bytes)
1753205290.713721 sending message 112 to peer 0x5618533f0190 (13 bytes)
1753205290.713724 sending message 112 to peer 0x5618533f0190 (13 bytes)
1753205290.713727 sending message 112 to peer 0x5618533f0190 (13 bytes)
1753205290.713730 sending message 112 to peer 0x5618533f0190 (13 bytes)
1753205290.713734 sending message 112 to peer 0x5618533f0190 (13 bytes)
1753205290.713737 sending message 112 to peer 0x5618533f0190 (9 bytes)
1753205290.713743 sending message 112 to peer 0x5618533f0190 (12 bytes)
1753205290.713748 sending message 112 to peer 0x5618533f0190 (13 bytes)
1753205290.713752 sending message 112 to peer 0x5618533f0190 (13 bytes)
1753205290.713755 sending message 112 to peer 0x5618533f0190 (13 bytes)
1753205290.713758 sending message 112 to peer 0x5618533f0190 (13 bytes)
1753205290.713762 sending message 112 to peer 0x5618533f0190 (13 bytes)
1753205290.713765 sending message 112 to peer 0x5618533f0190 (11 bytes)
1753205290.713769 sending message 112 to peer 0x5618533f0190 (12 bytes)
1753205290.713772 sending message 112 to peer 0x5618533f0190 (13 bytes)
1753205290.713775 sending message 112 to peer 0x5618533f0190 (13 bytes)
1753205290.713779 sending message 112 to peer 0x5618533f0190 (13 bytes)
1753205290.713782 sending message 112 to peer 0x5618533f0190 (13 bytes)
1753205290.713785 sending message 112 to peer 0x5618533f0190 (13 bytes)
1753205290.713789 sending message 112 to peer 0x5618533f0190 (11 bytes)
1753205290.713792 sending message 112 to peer 0x5618533f0190 (12 bytes)
1753205290.713796 sending message 112 to peer 0x5618533f0190 (12 bytes)
1753205290.713799 sending message 112 to peer 0x5618533f0190 (12 bytes)
1753205290.713802 sending message 112 to peer 0x5618533f0190 (12 bytes)
1753205290.713806 sending message 112 to peer 0x5618533f0190 (12 bytes)
1753205290.713809 sending message 112 to peer 0x5618533f0190 (21 bytes)
1753205290.713812 sending message 112 to peer 0x5618533f0190 (12 bytes)
1753205290.713816 sending message 112 to peer 0x5618533f0190 (9 bytes)
1753205290.713819 sending message 112 to peer 0x5618533f0190 (6 bytes)
1753205290.713823 sending message 112 to peer 0x5618533f0190 (13 bytes)
1753205290.713826 sending message 112 to peer 0x5618533f0190 (10 bytes)
1753205290.713830 sending message 112 to peer 0x5618533f0190 (24 bytes)
1753205290.713833 sending message 112 to peer 0x5618533f0190 (13 bytes)
1753205290.713836 sending message 112 to peer 0x5618533f0190 (9 bytes)
1753205290.713840 sending message 112 to peer 0x5618533f0190 (70 bytes)
1753205290.713843 sending message 112 to peer 0x5618533f0190 (69 bytes)
1753205290.713847 sending message 112 to peer 0x5618533f0190 (12 bytes)
1753205290.713851 sending message 112 to peer 0x5618533f0190 (10 bytes)
1753205290.713854 sending message 112 to peer 0x5618533f0190 (10 bytes)
1753205290.713858 sending message 112 to peer 0x5618533f0190 (24 bytes)
1753205290.713861 sending message 112 to peer 0x5618533f0190 (13 bytes)
1753205290.713864 sending message 112 to peer 0x5618533f0190 (10 bytes)
1753205290.713868 sending message 112 to peer 0x5618533f0190 (10 bytes)
1753205290.713871 sending message 112 to peer 0x5618533f0190 (10 bytes)
1753205290.713875 sending message 112 to peer 0x5618533f0190 (13 bytes)
1753205290.713878 sending message 112 to peer 0x5618533f0190 (15 bytes)
1753205290.713881 sending message 112 to peer 0x5618533f0190 (5 bytes)
1753205290.713885 sending message 104 to peer 0x5618533f0190 (0 bytes)
1753205290.713889 sending message 110 to peer 0x5618533f0190 (0 bytes)
1753205290.713893 sending message 107 to peer 0x5618533f0190 (4 bytes)
1753205290.713897 sending message 105 to peer 0x5618533f0190 (23 bytes)
1753205290.713901 sending message 105 to peer 0x5618533f0190 (15 bytes)
1753205290.713905 sending message 105 to peer 0x5618533f0190 (40 bytes)
1753205290.713909 sending message 105 to peer 0x5618533f0190 (27 bytes)
1753205290.713912 sending message 105 to peer 0x5618533f0190 (16 bytes)
1753205290.713916 sending message 105 to peer 0x5618533f0190 (54 bytes)
1753205290.713919 sending message 105 to peer 0x5618533f0190 (15 bytes)
1753205290.713923 sending message 105 to peer 0x5618533f0190 (194 bytes)
1753205290.713927 sending message 105 to peer 0x5618533f0190 (13 bytes)
1753205290.713930 sending message 105 to peer 0x5618533f0190 (46 bytes)
1753205290.713934 sending message 105 to peer 0x5618533f0190 (21 bytes)
1753205290.713937 sending message 105 to peer 0x5618533f0190 (31 bytes)
1753205290.713941 sending message 105 to peer 0x5618533f0190 (18 bytes)
1753205290.713947 sending message 105 to peer 0x5618533f0190 (14 bytes)
1753205290.713951 sending message 105 to peer 0x5618533f0190 (30 bytes)
1753205290.713955 sending message 105 to peer 0x5618533f0190 (25 bytes)
1753205290.713959 sending message 105 to peer 0x5618533f0190 (50 bytes)
1753205290.713962 sending message 105 to peer 0x5618533f0190 (20 bytes)
1753205290.713966 sending message 105 to peer 0x5618533f0190 (15 bytes)
1753205290.713969 sending message 105 to peer 0x5618533f0190 (12 bytes)
1753205290.713973 sending message 105 to peer 0x5618533f0190 (16 bytes)
1753205290.713976 sending message 105 to peer 0x5618533f0190 (32 bytes)
1753205290.713980 sending message 105 to peer 0x5618533f0190 (67 bytes)
1753205290.713983 sending message 105 to peer 0x5618533f0190 (31 bytes)
1753205290.713987 sending message 105 to peer 0x5618533f0190 (20 bytes)
1753205290.713991 sending message 105 to peer 0x5618533f0190 (20 bytes)
1753205290.713994 sending message 105 to peer 0x5618533f0190 (23 bytes)
1753205290.713998 sending message 105 to peer 0x5618533f0190 (24 bytes)
1753205290.714001 sending message 105 to peer 0x5618533f0190 (36 bytes)
1753205290.714004 sending message 105 to peer 0x5618533f0190 (36 bytes)
1753205290.714008 sending message 105 to peer 0x5618533f0190 (26 bytes)
1753205290.714011 sending message 105 to peer 0x5618533f0190 (24 bytes)
1753205290.714015 sending message 105 to peer 0x5618533f0190 (21 bytes)
1753205290.714018 sending message 105 to peer 0x5618533f0190 (20 bytes)
1753205290.714022 sending message 105 to peer 0x5618533f0190 (13 bytes)
1753205290.714026 sending message 105 to peer 0x5618533f0190 (510 bytes)
1753205290.714029 sending message 105 to peer 0x5618533f0190 (47 bytes)
1753205290.714033 sending message 105 to peer 0x5618533f0190 (54 bytes)
1753205290.714036 sending message 105 to peer 0x5618533f0190 (51 bytes)
1753205290.714040 sending message 105 to peer 0x5618533f0190 (24 bytes)
1753205290.714044 sending message 105 to peer 0x5618533f0190 (13 bytes)
1753205290.714047 sending message 105 to peer 0x5618533f0190 (37 bytes)
1753205290.714051 sending message 105 to peer 0x5618533f0190 (38 bytes)
1753205290.714054 sending message 105 to peer 0x5618533f0190 (33 bytes)
1753205290.714058 sending message 105 to peer 0x5618533f0190 (17 bytes)
1753205290.714061 sending message 105 to peer 0x5618533f0190 (14 bytes)
1753205290.714065 sending message 105 to peer 0x5618533f0190 (11 bytes)
1753205290.714068 sending message 105 to peer 0x5618533f0190 (32 bytes)
1753205290.714072 sending message 105 to peer 0x5618533f0190 (40 bytes)
1753205290.714075 sending message 105 to peer 0x5618533f0190 (72 bytes)
1753205290.714079 sending message 105 to peer 0x5618533f0190 (37 bytes)
1753205290.714082 sending message 105 to peer 0x5618533f0190 (34 bytes)
1753205290.714086 sending message 105 to peer 0x5618533f0190 (121 bytes)
1753205290.714089 sending message 105 to peer 0x5618533f0190 (81 bytes)
1753205290.714092 sending message 105 to peer 0x5618533f0190 (144 bytes)
1753205290.714096 sending message 105 to peer 0x5618533f0190 (20 bytes)
1753205290.714099 sending message 105 to peer 0x5618533f0190 (38 bytes)
1753205290.714103 sending message 105 to peer 0x5618533f0190 (38 bytes)
1753205290.714106 sending message 105 to peer 0x5618533f0190 (18 bytes)
1753205290.714110 sending message 105 to peer 0x5618533f0190 (25 bytes)
1753205290.714113 sending message 105 to peer 0x5618533f0190 (27 bytes)
1753205290.714116 sending message 105 to peer 0x5618533f0190 (22 bytes)
1753205290.714120 sending message 105 to peer 0x5618533f0190 (23 bytes)
1753205290.714123 sending message 105 to peer 0x5618533f0190 (48 bytes)
1753205290.714127 sending message 105 to peer 0x5618533f0190 (27 bytes)
1753205290.714130 sending message 105 to peer 0x5618533f0190 (24 bytes)
1753205290.714134 sending message 105 to peer 0x5618533f0190 (44 bytes)
1753205290.714137 sending message 105 to peer 0x5618533f0190 (26 bytes)
1753205290.714141 sending message 105 to peer 0x5618533f0190 (46 bytes)
1753205290.714145 sending message 105 to peer 0x5618533f0190 (212 bytes)
1753205290.714152 sending message 105 to peer 0x5618533f0190 (31 bytes)
1753205290.714157 sending message 105 to peer 0x5618533f0190 (23 bytes)
1753205290.714161 sending message 105 to peer 0x5618533f0190 (30 bytes)
1753205290.714164 sending message 105 to peer 0x5618533f0190 (20 bytes)
1753205290.714167 sending message 105 to peer 0x5618533f0190 (22 bytes)
1753205290.714171 sending message 105 to peer 0x5618533f0190 (59 bytes)
1753205290.714174 sending message 105 to peer 0x5618533f0190 (55 bytes)
1753205290.714178 sending message 105 to peer 0x5618533f0190 (368 bytes)
1753205290.714181 sending message 105 to peer 0x5618533f0190 (35 bytes)
1753205290.714185 sending message 105 to peer 0x5618533f0190 (20 bytes)
1753205290.714189 sending message 105 to peer 0x5618533f0190 (15 bytes)
1753205290.714192 sending message 105 to peer 0x5618533f0190 (13 bytes)
1753205290.714196 sending message 105 to peer 0x5618533f0190 (72 bytes)
1753205290.714199 sending message 105 to peer 0x5618533f0190 (13 bytes)
1753205290.714203 sending message 105 to peer 0x5618533f0190 (21 bytes)
1753205290.714206 sending message 105 to peer 0x5618533f0190 (18 bytes)
1753205290.714209 sending message 105 to peer 0x5618533f0190 (35 bytes)
1753205290.714213 sending message 105 to peer 0x5618533f0190 (16 bytes)
1753205290.714216 sending message 105 to peer 0x5618533f0190 (44 bytes)
1753205290.714220 sending message 105 to peer 0x5618533f0190 (15 bytes)
1753205290.714223 sending message 105 to peer 0x5618533f0190 (23 bytes)
1753205290.714226 sending message 105 to peer 0x5618533f0190 (26 bytes)
1753205290.714230 sending message 105 to peer 0x5618533f0190 (10 bytes)
1753205290.714233 sending message 105 to peer 0x5618533f0190 (34 bytes)
1753205290.714237 sending message 105 to peer 0x5618533f0190 (58 bytes)
1753205290.714240 sending message 105 to peer 0x5618533f0190 (17 bytes)
1753205290.714244 sending message 105 to peer 0x5618533f0190 (54 bytes)
1753205290.714248 sending message 105 to peer 0x5618533f0190 (60 bytes)
1753205290.714255 sending message 105 to peer 0x5618533f0190 (23 bytes)
1753205290.714259 sending message 105 to peer 0x5618533f0190 (41 bytes)
1753205290.714262 sending message 105 to peer 0x5618533f0190 (47 bytes)
1753205290.714266 sending message 105 to peer 0x5618533f0190 (26 bytes)
1753205290.714269 sending message 105 to peer 0x5618533f0190 (26 bytes)
1753205290.714273 sending message 105 to peer 0x5618533f0190 (36 bytes)
1753205290.714276 sending message 105 to peer 0x5618533f0190 (20 bytes)
1753205290.714280 sending message 105 to peer 0x5618533f0190 (12 bytes)
1753205290.714283 sending message 105 to peer 0x5618533f0190 (8 bytes)
1753205290.714287 sending message 105 to peer 0x5618533f0190 (84 bytes)
1753205290.714290 sending message 105 to peer 0x5618533f0190 (32 bytes)
1753205290.714294 sending message 105 to peer 0x5618533f0190 (25 bytes)
1753205290.714297 sending message 105 to peer 0x5618533f0190 (9 bytes)
1753205290.714300 sending message 106 to peer 0x5618533f0190 (0 bytes)
1753205290.714372 sending message 200 to peer 0x5618533f0190 (4 bytes)
1753205290.714380 client loop enter
1753205290.714904 peer 0x5618533f0190 message 303
1753205290.714916 open write file 2 -
1753205290.714924 sending message 305 to peer 0x5618533f0190 (8 bytes)
1753205290.714933 write check file 2
1753205290.715074 peer 0x5618533f0190 message 304
1753205290.715081 write 58 to file 2
1753205290.715086 peer 0x5618533f0190 message 203
1753205290.715089 file 2 58 bytes left
1753205290.715101 write check file 2
1753205290.715105 client loop exit
